Flow report for send
Fri Sep 04 16:45:50 2020
Quartus II 32-bit Version 13.1.0 Build 162 10/23/2013 SJ Full Version


---------------------
; Table of Contents ;
---------------------
  1. Legal Notice
  2. Flow Summary
  3. Flow Settings
  4. Flow Non-Default Global Settings
  5. Flow Elapsed Time
  6. Flow OS Summary
  7. Flow Log
  8. Flow Messages
  9. Flow Suppressed Messages



----------------
; Legal Notice ;
----------------
Copyright (C) 1991-2013 Altera Corporation
Your use of Altera Corporation's design tools, logic functions 
and other software and tools, and its AMPP partner logic 
functions, and any output files from any of the foregoing 
(including device programming or simulation files), and any 
associated documentation or information are expressly subject 
to the terms and conditions of the Altera Program License 
Subscription Agreement, Altera MegaCore Function License 
Agreement, or other applicable license agreement, including, 
without limitation, that your use is for the sole purpose of 
programming logic devices manufactured by Altera and sold by 
Altera or its authorized distributors.  Please refer to the 
applicable agreement for further details.



+----------------------------------------------------------------------------------+
; Flow Summary                                                                     ;
+------------------------------------+---------------------------------------------+
; Flow Status                        ; Successful - Fri Sep 04 16:45:45 2020       ;
; Quartus II 32-bit Version          ; 13.1.0 Build 162 10/23/2013 SJ Full Version ;
; Revision Name                      ; send                                        ;
; Top-level Entity Name              ; top                                         ;
; Family                             ; Cyclone IV E                                ;
; Device                             ; EP4CE15E22I7                                ;
; Timing Models                      ; Final                                       ;
; Total logic elements               ; 1,106 / 15,408 ( 7 % )                      ;
;     Total combinational functions  ; 1,058 / 15,408 ( 7 % )                      ;
;     Dedicated logic registers      ; 437 / 15,408 ( 3 % )                        ;
; Total registers                    ; 437                                         ;
; Total pins                         ; 11 / 82 ( 13 % )                            ;
; Total virtual pins                 ; 0                                           ;
; Total memory bits                  ; 22,528 / 516,096 ( 4 % )                    ;
; Embedded Multiplier 9-bit elements ; 0 / 112 ( 0 % )                             ;
; Total PLLs                         ; 1 / 4 ( 25 % )                              ;
+------------------------------------+---------------------------------------------+


+-----------------------------------------+
; Flow Settings                           ;
+-------------------+---------------------+
; Option            ; Setting             ;
+-------------------+---------------------+
; Start date & time ; 09/04/2020 16:45:23 ;
; Main task         ; Compilation         ;
; Revision Name     ; send                ;
+-------------------+---------------------+


+------------------------------------------------------------------------------------------------------------------+
; Flow Non-Default Global Settings                                                                                 ;
+-------------------------------------+---------------------------------+---------------+-------------+------------+
; Assignment Name                     ; Value                           ; Default Value ; Entity Name ; Section Id ;
+-------------------------------------+---------------------------------+---------------+-------------+------------+
; COMPILER_SIGNATURE_ID               ; 141812762780118.159920912320184 ; --            ; --          ; --         ;
; MAX_CORE_JUNCTION_TEMP              ; 100                             ; --            ; --          ; --         ;
; MIN_CORE_JUNCTION_TEMP              ; -40                             ; --            ; --          ; --         ;
; PARTITION_COLOR                     ; 16764057                        ; --            ; top         ; Top        ;
; PARTITION_FITTER_PRESERVATION_LEVEL ; PLACEMENT_AND_ROUTING           ; --            ; top         ; Top        ;
; PARTITION_NETLIST_TYPE              ; SOURCE                          ; --            ; top         ; Top        ;
; PROJECT_OUTPUT_DIRECTORY            ; output_files                    ; --            ; --          ; --         ;
; TOP_LEVEL_ENTITY                    ; top                             ; send          ; --          ; --         ;
+-------------------------------------+---------------------------------+---------------+-------------+------------+


+-------------------------------------------------------------------------------------------------------------------------------+
; Flow Elapsed Time                                                                                                             ;
+---------------------------+--------------+-------------------------+---------------------+------------------------------------+
; Module Name               ; Elapsed Time ; Average Processors Used ; Peak Virtual Memory ; Total CPU Time (on all processors) ;
+---------------------------+--------------+-------------------------+---------------------+------------------------------------+
; Analysis & Synthesis      ; 00:00:08     ; 1.0                     ; 486 MB              ; 00:00:08                           ;
; Fitter                    ; 00:00:09     ; 1.0                     ; 786 MB              ; 00:00:10                           ;
; Assembler                 ; 00:00:02     ; 1.0                     ; 434 MB              ; 00:00:02                           ;
; TimeQuest Timing Analyzer ; 00:00:04     ; 1.0                     ; 473 MB              ; 00:00:04                           ;
; Total                     ; 00:00:23     ; --                      ; --                  ; 00:00:24                           ;
+---------------------------+--------------+-------------------------+---------------------+------------------------------------+


+----------------------------------------------------------------------------------------+
; Flow OS Summary                                                                        ;
+---------------------------+------------------+-----------+------------+----------------+
; Module Name               ; Machine Hostname ; OS Name   ; OS Version ; Processor type ;
+---------------------------+------------------+-----------+------------+----------------+
; Analysis & Synthesis      ; DESKTOP-C6I6OAQ  ; Windows 7 ; 6.2        ; x86_64         ;
; Fitter                    ; DESKTOP-C6I6OAQ  ; Windows 7 ; 6.2        ; x86_64         ;
; Assembler                 ; DESKTOP-C6I6OAQ  ; Windows 7 ; 6.2        ; x86_64         ;
; TimeQuest Timing Analyzer ; DESKTOP-C6I6OAQ  ; Windows 7 ; 6.2        ; x86_64         ;
+---------------------------+------------------+-----------+------------+----------------+


------------
; Flow Log ;
------------
quartus_map --read_settings_files=on --write_settings_files=off send -c send
quartus_fit --read_settings_files=off --write_settings_files=off send -c send
quartus_asm --read_settings_files=off --write_settings_files=off send -c send
quartus_sta send -c send



